c:\users\fanss\desktop\aulas\estagio\autodromovs\autodromo\debug\vc142.pdb
c:\users\fanss\desktop\aulas\estagio\autodromovs\autodromo\debug\vc142.idb
c:\users\fanss\desktop\aulas\estagio\autodromovs\autodromo\debug\textui.obj
c:\users\fanss\desktop\aulas\estagio\autodromovs\autodromo\debug\surpresapiloto.obj
c:\users\fanss\desktop\aulas\estagio\autodromovs\autodromo\debug\rapidopiloto.obj
c:\users\fanss\desktop\aulas\estagio\autodromovs\autodromo\debug\piloto.obj
c:\users\fanss\desktop\aulas\estagio\autodromovs\autodromo\debug\main.obj
c:\users\fanss\desktop\aulas\estagio\autodromovs\autodromo\debug\dgv.obj
c:\users\fanss\desktop\aulas\estagio\autodromovs\autodromo\debug\crazypiloto.obj
c:\users\fanss\desktop\aulas\estagio\autodromovs\autodromo\debug\consola.obj
c:\users\fanss\desktop\aulas\estagio\autodromovs\autodromo\debug\carro.obj
c:\users\fanss\desktop\aulas\estagio\autodromovs\autodromo\debug\campeonato.obj
c:\users\fanss\desktop\aulas\estagio\autodromovs\autodromo\debug\autodromo.obj
c:\users\fanss\desktop\aulas\estagio\autodromovs\autodromo\debug\autodromo.ilk
c:\users\fanss\desktop\aulas\estagio\autodromovs\autodromo\debug\autodromo.exe
c:\users\fanss\desktop\aulas\estagio\autodromovs\autodromo\debug\autodromo.pdb
c:\users\fanss\desktop\aulas\estagio\autodromovs\autodromo\debug\autodromo.tlog\cl.command.1.tlog
c:\users\fanss\desktop\aulas\estagio\autodromovs\autodromo\debug\autodromo.tlog\cl.read.1.tlog
c:\users\fanss\desktop\aulas\estagio\autodromovs\autodromo\debug\autodromo.tlog\cl.write.1.tlog
c:\users\fanss\desktop\aulas\estagio\autodromovs\autodromo\debug\autodromo.tlog\link.command.1.tlog
c:\users\fanss\desktop\aulas\estagio\autodromovs\autodromo\debug\autodromo.tlog\link.read.1.tlog
c:\users\fanss\desktop\aulas\estagio\autodromovs\autodromo\debug\autodromo.tlog\link.write.1.tlog
